<?xml version="1.0" encoding="UTF-8"?>
<testsuite name="BasicTests" tests="1" skipped="0" failures="0" errors="0" timestamp="2015-11-05T23:07:14" hostname="Franky.local" time="0.004">
  <properties/>
  <testcase name="shouldGeneratePersonWithPersonalInformation" classname="BasicTests" time="0.004"/>
  <system-out><![CDATA[]]></system-out>
  <system-err><![CDATA[]]></system-err>
</testsuite>
